     1                                  bits 32 ; assembling for the 32 bits architecture
     2                                  
     3                                  ; declare the EntryPoint (a label defining the very first instruction of the program)
     4                                  global start        
     5                                  
     6                                  ; declare external functions needed by our program
     7                                  extern exit               ; tell nasm that exit exists even if we won't be defining it
     8                                  import exit msvcrt.dll    ; exit is a function that ends the calling process. It is defined in msvcrt.dll
     9                                                            ; msvcrt.dll contains exit, printf and all the other important C-runtime specific functions
    10                                  
    11                                  ; our data is declared here (the variables needed by our program)
    12                                  segment data use32 class=data
    13 00000000 08                             a db 8
    14 00000001 06                             b db 6
    15 00000002 07                             c db 7
    16                                  ;(a+a)-(b+b)-c
    17                                  segment code use32 class=code
    18                                      start:
    19 00000000 A0[00000000]                     mov al,[a];al=a
    20 00000005 0205[00000000]                   add al,[a];al=a+a
    21 0000000B 8A25[01000000]                   mov ah,[b];ah=b
    22 00000011 0225[01000000]                   add ah,[b];ah=b+b
    23 00000017 28E0                             sub al,ah;al=al-ah=(a+a)-(b+b)
    24 00000019 2A05[02000000]                   sub al,[c];al=al-c=(a+a)-(b+b)-c
