     1                                  bits 32 ; assembling for the 32 bits architecture
     2                                  
     3                                  ; declare the EntryPoint (a label defining the very first instruction of the program)
     4                                  global start        
     5                                  
     6                                  ; declare external functions needed by our program
     7                                  extern exit               ; tell nasm that exit exists even if we won't be defining it
     8                                  import exit msvcrt.dll    ; exit is a function that ends the calling process. It is defined in msvcrt.dll
     9                                                            ; msvcrt.dll contains exit, printf and all the other important C-runtime specific functions
    10                                  
    11                                  ; our data is declared here (the variables needed by our program)
    12                                  segment data use32 class=data
    13 00000000 0A00                        a dw 10
    14 00000002 0400                        b dw 4
    15 00000004 0700                        c dw 7
    16 00000006 0600                        d dw 6
    17                                  ;(a+c)-(b+b+d) 
    18                                  segment code use32 class=code
    19                                      start:
    20 00000000 66A1[00000000]              mov ax,[a];ax=a=10
    21 00000006 660305[04000000]            add ax,[c];ax=a+c=17
    22 0000000D 668B1D[02000000]            mov bx,[b];bx=b=4
    23 00000014 66031D[02000000]            add bx,[b];bx=b+b=8
    24 0000001B 66031D[06000000]            add bx,[d];bx=b+b+d=14
    25 00000022 6629D8                      sub ax,bx;ax=ax-bx=(a+c)-(b+b+d)=3
    26                                      
    27                                          
