     1                                  bits 32 ; assembling for the 32 bits architecture
     2                                  
     3                                  ; declare the EntryPoint (a label defining the very first instruction of the program)
     4                                  global start        
     5                                  
     6                                  ; declare external functions needed by our program
     7                                  extern exit               ; tell nasm that exit exists even if we won't be defining it
     8                                  import exit msvcrt.dll    ; exit is a function that ends the calling process. It is defined in msvcrt.dll
     9                                                            ; msvcrt.dll contains exit, printf and all the other important C-runtime specific functions
    10                                  
    11                                  ; our data is declared here (the variables needed by our program)
    12                                  segment data use32 class=data
    13 00000000 0F                         b db 15
    14 00000001 0A                         c db 10
    15 00000002 1900                       e dw 25
    16 00000004 2300                       g dw 35
    17                                  ; (e+g-2*b)/c 
    18                                  segment code use32 class=code
    19                                      start:
    20 00000000 668B1D[02000000]                mov bx,[e];bx=e=25
    21 00000007 66031D[04000000]                add bx,[g];bx=e+g=60
    22 0000000E B002                            mov al,2;al=2
    23 00000010 F625[00000000]                  mul byte[b];ax=al*b=30
    24 00000016 6629C3                          sub bx,ax;bx=bx-ax=e+g-2*b=30
    25 00000019 6689D8                          mov ax,bx;ax=bx=30
    26 0000001C F635[01000000]                  div byte[c];al=ax/c=(e+g-2*b)/c=3
