     1                                  bits 32 ; assembling for the 32 bits architecture
     2                                  
     3                                  ; declare the EntryPoint (a label defining the very first instruction of the program)
     4                                  global start        
     5                                  
     6                                  ; declare external functions needed by our program
     7                                  extern exit               ; tell nasm that exit exists even if we won't be defining it
     8                                  import exit msvcrt.dll    ; exit is a function that ends the calling process. It is defined in msvcrt.dll
     9                                                            ; msvcrt.dll contains exit, printf and all the other important C-runtime specific functions
    10                                  
    11                                  ; our data is declared here (the variables needed by our program)
    12                                  segment data use32 class=data
    13 00000000 0F00                        a dw 15
    14 00000002 03                          b db 3
    15 00000003 04                          c db 4
    16                                  
    17                                  ; a-b*c
    18                                  segment code use32 class=code
    19                                      start:
    20 00000000 A0[02000000]                    mov al,[b];al=b=3
    21 00000005 668B1D[00000000]                mov bx,[a];bx=a=15
    22 0000000C F625[03000000]                  mul byte[c];ax=al*c=3*4=12
    23 00000012 6629C3                          sub bx,ax;bx=bx-ax=a-b*c
    24 00000015 6A00                            push    dword 0      ; push the parameter for exit onto the stack
    25 00000017 FF15[00000000]                  call    [exit]       ; call exit to terminate the program
